2020-10-03 21:52:26.236  INFO 10092 --- [restartedMain] c.a.a.AnalyticsServicesApplication       : Starting AnalyticsServicesApplication on DESKTOP-IK0I9JR with PID 10092 (D:\Message_Processor\analytics-services\target\classes started by dell in D:\Message_Processor\analytics-services)
2020-10-03 21:52:26.250 DEBUG 10092 --- [restartedMain] c.a.a.AnalyticsServicesApplication       : Running with Spring Boot v2.3.3.RELEASE, Spring v5.2.8.RELEASE
2020-10-03 21:52:26.252  INFO 10092 --- [restartedMain] c.a.a.AnalyticsServicesApplication       : No active profile set, falling back to default profiles: default
2020-10-03 21:52:31.382  INFO 10092 --- [restartedMain] o.apache.catalina.core.StandardService   : Starting service [Tomcat]
2020-10-03 21:52:31.385  INFO 10092 --- [restartedMain] org.apache.catalina.core.StandardEngine  : Starting Servlet engine: [Apache Tomcat/9.0.37]
2020-10-03 21:52:31.642  INFO 10092 --- [restartedMain] o.a.c.c.C.[Tomcat].[localhost].[/]       : Initializing Spring embedded WebApplicationContext
2020-10-03 21:52:32.433  INFO 10092 --- [restartedMain] org.mongodb.driver.cluster               : Cluster created with settings {hosts=[127.0.0.1:27017], srvHost=cluster0-cjhrd.gcp.mongodb.net, mode=MULTIPLE, requiredClusterType=REPLICA_SET, serverSelectionTimeout='30000 ms', requiredReplicaSetName='Cluster0-shard-0'}
2020-10-03 21:52:32.480  INFO 10092 --- [cluster-ClusterId{value='5f78a54802f315527bbb2ad8', description='null'}-srv-cluster0-cjhrd.gcp.mongodb.net] org.mongodb.driver.cluster               : Adding discovered server cluster0-shard-00-02-cjhrd.gcp.mongodb.net:27017 to client view of cluster
2020-10-03 21:52:32.530  INFO 10092 --- [cluster-ClusterId{value='5f78a54802f315527bbb2ad8', description='null'}-srv-cluster0-cjhrd.gcp.mongodb.net] org.mongodb.driver.cluster               : Adding discovered server cluster0-shard-00-00-cjhrd.gcp.mongodb.net:27017 to client view of cluster
2020-10-03 21:52:32.531  INFO 10092 --- [cluster-ClusterId{value='5f78a54802f315527bbb2ad8', description='null'}-srv-cluster0-cjhrd.gcp.mongodb.net] org.mongodb.driver.cluster               : Adding discovered server cluster0-shard-00-01-cjhrd.gcp.mongodb.net:27017 to client view of cluster
2020-10-03 21:52:37.706  INFO 10092 --- [cluster-ClusterId{value='5f78a54802f315527bbb2ad8', description='null'}-cluster0-shard-00-02-cjhrd.gcp.mongodb.net:27017] org.mongodb.driver.cluster               : Exception in monitor thread while connecting to server cluster0-shard-00-02-cjhrd.gcp.mongodb.net:27017

com.mongodb.MongoSocketReadException: Prematurely reached end of stream
	at com.mongodb.internal.connection.SocketStream.read(SocketStream.java:112) ~[mongodb-driver-core-4.0.5.jar:na]
	at com.mongodb.internal.connection.InternalStreamConnection.receiveResponseBuffers(InternalStreamConnection.java:579) ~[mongodb-driver-core-4.0.5.jar:na]
	at com.mongodb.internal.connection.InternalStreamConnection.receiveMessage(InternalStreamConnection.java:444) ~[mongodb-driver-core-4.0.5.jar:na]
	at com.mongodb.internal.connection.InternalStreamConnection.receiveCommandMessageResponse(InternalStreamConnection.java:298) ~[mongodb-driver-core-4.0.5.jar:na]
	at com.mongodb.internal.connection.InternalStreamConnection.sendAndReceive(InternalStreamConnection.java:258) ~[mongodb-driver-core-4.0.5.jar:na]
	at com.mongodb.internal.connection.CommandHelper.sendAndReceive(CommandHelper.java:83) ~[mongodb-driver-core-4.0.5.jar:na]
	at com.mongodb.internal.connection.CommandHelper.executeCommand(CommandHelper.java:33) ~[mongodb-driver-core-4.0.5.jar:na]
	at com.mongodb.internal.connection.InternalStreamConnectionInitializer.initializeConnectionDescription(InternalStreamConnectionInitializer.java:103) ~[mongodb-driver-core-4.0.5.jar:na]
	at com.mongodb.internal.connection.InternalStreamConnectionInitializer.initialize(InternalStreamConnectionInitializer.java:60) ~[mongodb-driver-core-4.0.5.jar:na]
	at com.mongodb.internal.connection.InternalStreamConnection.open(InternalStreamConnection.java:128) ~[mongodb-driver-core-4.0.5.jar:na]
	at com.mongodb.internal.connection.DefaultServerMonitor$ServerMonitorRunnable.run(DefaultServerMonitor.java:117) ~[mongodb-driver-core-4.0.5.jar:na]
	at java.base/java.lang.Thread.run(Thread.java:834) ~[na:na]

2020-10-03 21:52:37.707  INFO 10092 --- [cluster-ClusterId{value='5f78a54802f315527bbb2ad8', description='null'}-cluster0-shard-00-00-cjhrd.gcp.mongodb.net:27017] org.mongodb.driver.cluster               : Exception in monitor thread while connecting to server cluster0-shard-00-00-cjhrd.gcp.mongodb.net:27017

com.mongodb.MongoSocketReadException: Prematurely reached end of stream
	at com.mongodb.internal.connection.SocketStream.read(SocketStream.java:112) ~[mongodb-driver-core-4.0.5.jar:na]
	at com.mongodb.internal.connection.InternalStreamConnection.receiveResponseBuffers(InternalStreamConnection.java:579) ~[mongodb-driver-core-4.0.5.jar:na]
	at com.mongodb.internal.connection.InternalStreamConnection.receiveMessage(InternalStreamConnection.java:444) ~[mongodb-driver-core-4.0.5.jar:na]
	at com.mongodb.internal.connection.InternalStreamConnection.receiveCommandMessageResponse(InternalStreamConnection.java:298) ~[mongodb-driver-core-4.0.5.jar:na]
	at com.mongodb.internal.connection.InternalStreamConnection.sendAndReceive(InternalStreamConnection.java:258) ~[mongodb-driver-core-4.0.5.jar:na]
	at com.mongodb.internal.connection.CommandHelper.sendAndReceive(CommandHelper.java:83) ~[mongodb-driver-core-4.0.5.jar:na]
	at com.mongodb.internal.connection.CommandHelper.executeCommand(CommandHelper.java:33) ~[mongodb-driver-core-4.0.5.jar:na]
	at com.mongodb.internal.connection.InternalStreamConnectionInitializer.initializeConnectionDescription(InternalStreamConnectionInitializer.java:103) ~[mongodb-driver-core-4.0.5.jar:na]
	at com.mongodb.internal.connection.InternalStreamConnectionInitializer.initialize(InternalStreamConnectionInitializer.java:60) ~[mongodb-driver-core-4.0.5.jar:na]
	at com.mongodb.internal.connection.InternalStreamConnection.open(InternalStreamConnection.java:128) ~[mongodb-driver-core-4.0.5.jar:na]
	at com.mongodb.internal.connection.DefaultServerMonitor$ServerMonitorRunnable.run(DefaultServerMonitor.java:117) ~[mongodb-driver-core-4.0.5.jar:na]
	at java.base/java.lang.Thread.run(Thread.java:834) ~[na:na]

2020-10-03 21:52:37.707  INFO 10092 --- [cluster-ClusterId{value='5f78a54802f315527bbb2ad8', description='null'}-cluster0-shard-00-01-cjhrd.gcp.mongodb.net:27017] org.mongodb.driver.cluster               : Exception in monitor thread while connecting to server cluster0-shard-00-01-cjhrd.gcp.mongodb.net:27017

com.mongodb.MongoSocketReadException: Prematurely reached end of stream
	at com.mongodb.internal.connection.SocketStream.read(SocketStream.java:112) ~[mongodb-driver-core-4.0.5.jar:na]
	at com.mongodb.internal.connection.InternalStreamConnection.receiveResponseBuffers(InternalStreamConnection.java:579) ~[mongodb-driver-core-4.0.5.jar:na]
	at com.mongodb.internal.connection.InternalStreamConnection.receiveMessage(InternalStreamConnection.java:444) ~[mongodb-driver-core-4.0.5.jar:na]
	at com.mongodb.internal.connection.InternalStreamConnection.receiveCommandMessageResponse(InternalStreamConnection.java:298) ~[mongodb-driver-core-4.0.5.jar:na]
	at com.mongodb.internal.connection.InternalStreamConnection.sendAndReceive(InternalStreamConnection.java:258) ~[mongodb-driver-core-4.0.5.jar:na]
	at com.mongodb.internal.connection.CommandHelper.sendAndReceive(CommandHelper.java:83) ~[mongodb-driver-core-4.0.5.jar:na]
	at com.mongodb.internal.connection.CommandHelper.executeCommand(CommandHelper.java:33) ~[mongodb-driver-core-4.0.5.jar:na]
	at com.mongodb.internal.connection.InternalStreamConnectionInitializer.initializeConnectionDescription(InternalStreamConnectionInitializer.java:103) ~[mongodb-driver-core-4.0.5.jar:na]
	at com.mongodb.internal.connection.InternalStreamConnectionInitializer.initialize(InternalStreamConnectionInitializer.java:60) ~[mongodb-driver-core-4.0.5.jar:na]
	at com.mongodb.internal.connection.InternalStreamConnection.open(InternalStreamConnection.java:128) ~[mongodb-driver-core-4.0.5.jar:na]
	at com.mongodb.internal.connection.DefaultServerMonitor$ServerMonitorRunnable.run(DefaultServerMonitor.java:117) ~[mongodb-driver-core-4.0.5.jar:na]
	at java.base/java.lang.Thread.run(Thread.java:834) ~[na:na]

2020-10-03 21:52:38.225  INFO 10092 --- [restartedMain] pertySourcedRequestMappingHandlerMapping : Mapped URL path [/v2/api-docs] onto method [springfox.documentation.swagger2.web.Swagger2Controller#getDocumentation(String, HttpServletRequest)]
2020-10-03 21:52:39.011  INFO 10092 --- [restartedMain] d.s.w.p.DocumentationPluginsBootstrapper : Context refreshed
2020-10-03 21:52:39.080  INFO 10092 --- [restartedMain] d.s.w.p.DocumentationPluginsBootstrapper : Found 1 custom documentation plugin(s)
2020-10-03 21:52:39.154  INFO 10092 --- [restartedMain] s.d.s.w.s.ApiListingReferenceScanner     : Scanning for api listing references
2020-10-03 21:52:39.386  INFO 10092 --- [restartedMain] c.a.a.AnalyticsServicesApplication       : Started AnalyticsServicesApplication in 14.605 seconds (JVM running for 17.42)
2020-10-03 21:52:40.549  INFO 10092 --- [RMI TCP Connection(3)-127.0.0.1] o.a.c.c.C.[Tomcat].[localhost].[/]       : Initializing Spring DispatcherServlet 'dispatcherServlet'
